Sat Jan 9 04:48:26 JST 2016
[INFO] PJM 0000 pjsub Job 28568070 submitted.

[INFO] PJM 0000 pjsub Job 28568071 submitted.

[INFO] PJM 0000 pjsub Job 28568072 submitted.

[INFO] PJM 0000 pjsub Job 28568073 submitted.

[INFO] PJM 0000 pjsub Job 28568074 submitted.

[INFO] PJM 0000 pjsub Job 28568075 submitted.

[INFO] PJM 0000 pjsub Job 28568076 submitted.

[INFO] PJM 0000 pjsub Job 28568077 submitted.

[INFO] PJM 0000 pjsub Job 28568078 submitted.

[INFO] PJM 0000 pjsub Job 28568079 submitted.

[INFO] PJM 0000 pjsub Job 28568080 submitted.

[INFO] PJM 0000 pjsub Job 28568081 submitted.

[INFO] PJM 0000 pjsub Job 28568082 submitted.

[INFO] PJM 0000 pjsub Job 28568083 submitted.

[INFO] PJM 0000 pjsub Job 28568084 submitted.

[INFO] PJM 0000 pjsub Job 28568085 submitted.

[INFO] PJM 0000 pjsub Job 28568086 submitted.

[INFO] PJM 0000 pjsub Job 28568087 submitted.

[INFO] PJM 0000 pjsub Job 28568088 submitted.

[INFO] PJM 0000 pjsub Job 28568089 submitted.

[INFO] PJM 0000 pjsub Job 28568090 submitted.

[INFO] PJM 0000 pjsub Job 28568091 submitted.

[INFO] PJM 0000 pjsub Job 28568092 submitted.

[INFO] PJM 0000 pjsub Job 28568093 submitted.

[INFO] PJM 0000 pjsub Job 28568094 submitted.

[INFO] PJM 0000 pjsub Job 28568095 submitted.

[INFO] PJM 0000 pjsub Job 28568096 submitted.

[INFO] PJM 0000 pjsub Job 28568097 submitted.

[INFO] PJM 0000 pjsub Job 28568098 submitted.

[INFO] PJM 0000 pjsub Job 28568099 submitted.

[INFO] PJM 0000 pjsub Job 28568100 submitted.

[INFO] PJM 0000 pjsub Job 28568101 submitted.

[INFO] PJM 0000 pjsub Job 28568102 submitted.

[INFO] PJM 0000 pjsub Job 28568103 submitted.

[INFO] PJM 0000 pjsub Job 28568104 submitted.

[INFO] PJM 0000 pjsub Job 28568105 submitted.

[INFO] PJM 0000 pjsub Job 28568106 submitted.

[INFO] PJM 0000 pjsub Job 28568107 submitted.

[INFO] PJM 0000 pjsub Job 28568108 submitted.

[INFO] PJM 0000 pjsub Job 28568109 submitted.

waiting while finishing jobs on cluster
40 0 0 40
39 1 0 40
39 0 1 40
39 0 1 40
39 0 1 40
39 0 1 40
39 0 1 40
38 0 2 40
38 0 2 40
38 0 2 40
38 0 2 40
38 0 2 40
37 0 3 40
37 0 3 40
37 0 3 40
36 0 4 40
36 0 4 40
36 0 4 40
35 1 4 40
35 0 5 40
35 0 5 40
34 1 5 40
34 0 6 40
34 0 6 40
34 0 6 40
34 0 6 40
34 0 6 40
34 0 6 40
33 1 6 40
33 1 6 40
33 1 6 40
32 2 6 40
32 2 6 40
32 2 6 40
32 2 6 40
32 2 6 40
32 2 6 40
32 2 6 40
32 2 6 40
32 2 6 40
31 3 6 40
31 3 6 40
31 3 6 40
31 3 6 40
31 3 6 40
31 3 6 40
31 3 6 40
31 3 6 40
31 3 6 40
30 4 6 40
30 4 6 40
30 4 6 40
30 4 6 40
30 4 6 40
30 4 6 40
30 4 6 40
29 5 6 40
29 5 6 40
29 4 7 40
29 4 7 40
29 3 8 40
29 3 8 40
29 3 8 40
28 4 8 40
28 4 8 40
28 4 8 40
28 4 8 40
28 4 8 40
28 4 8 40
27 5 8 40
27 4 9 40
26 4 9 40
26 5 9 40
26 5 9 40
26 5 9 40
26 5 9 40
26 5 9 40
26 5 9 40
25 6 9 40
25 5 10 40
25 5 10 40
25 5 10 40
25 5 10 40
24 6 10 40
24 6 10 40
24 6 10 40
24 5 11 40
24 5 11 40
24 5 11 40
24 5 11 40
23 6 11 40
23 6 11 40
23 6 11 40
23 6 11 40
23 6 11 40
23 5 12 40
23 5 12 40
22 6 12 40
22 6 12 40
22 6 12 40
21 6 13 40
21 6 13 40
21 6 13 40
21 6 13 40
21 6 13 40
21 5 14 40
20 6 14 40
20 6 14 40
20 6 14 40
20 6 14 40
20 6 14 40
20 6 14 40
20 6 14 40
19 7 14 40
19 7 14 40
19 7 14 40
19 7 14 40
19 7 14 40
19 6 15 40
18 7 15 40
18 7 15 40
18 7 15 40
18 7 15 40
17 8 15 40
17 8 15 40
17 8 15 40
17 8 15 40
17 7 16 40
17 7 16 40
16 8 16 40
16 8 16 40
16 8 16 40
15 9 16 40
15 9 16 40
15 9 16 40
15 9 16 40
15 9 16 40
15 8 17 40
15 8 17 40
14 9 17 40
14 9 17 40
14 9 17 40
14 8 18 40
14 8 18 40
14 8 18 40
14 8 18 40
14 8 18 40
13 9 18 40
13 9 18 40
13 9 18 40
13 9 18 40
13 8 19 40
13 8 19 40
13 8 19 40
12 9 19 40
12 9 19 40
12 9 19 40
12 9 19 40
11 10 19 40
11 10 19 40
11 10 19 40
11 9 20 40
11 9 20 40
10 10 20 40
10 10 20 40
10 10 20 40
10 10 20 40
10 10 20 40
10 10 20 40
10 10 20 40
10 9 21 40
9 9 22 40
9 9 22 40
9 9 22 40
9 9 22 40
9 9 22 40
9 9 22 40
8 10 22 40
8 10 22 40
8 10 22 40
8 9 23 40
7 10 23 40
7 10 23 40
7 10 23 40
7 10 23 40
7 10 23 40
7 10 23 40
6 11 23 40
6 11 23 40
6 11 23 40
6 11 23 40
6 11 23 40
6 11 23 40
6 10 24 40
5 11 24 40
5 11 24 40
5 11 24 40
5 11 24 40
5 11 24 40
5 11 24 40
5 11 24 40
5 11 24 40
5 11 24 40
5 11 24 40
5 11 24 40
4 12 24 40
4 12 24 40
4 11 25 40
3 12 25 40
3 12 25 40
3 12 25 40
3 12 25 40
3 12 25 40
3 12 25 40
3 12 25 40
3 12 25 40
2 13 25 40
2 13 25 40
2 13 25 40
1 14 25 40
1 14 25 40
1 14 25 40
1 14 25 40
1 14 25 40
1 13 26 40
0 14 26 40
0 14 26 40
0 14 26 40
0 14 26 40
0 14 26 40
0 14 26 40
0 14 26 40
0 14 26 40
0 14 26 40
0 14 26 40
0 14 26 40
0 14 26 40
0 14 26 40
0 14 26 40
0 14 26 40
0 14 26 40
0 14 26 40
0 13 27 40
0 13 27 40
0 13 27 40
0 13 27 40
0 13 27 40
0 13 27 40
0 13 27 40
0 13 27 40
0 13 27 40
0 13 27 40
0 13 27 40
0 13 27 40
0 13 27 40
0 13 27 40
0 13 27 40
0 13 27 40
0 13 27 40
0 13 27 40
0 13 27 40
0 13 27 40
0 13 27 40
0 13 27 40
0 13 27 40
0 13 27 40
0 12 28 40
0 12 28 40
0 12 28 40
0 12 28 40
0 12 28 40
0 12 28 40
0 12 28 40
0 12 28 40
0 12 28 40
0 12 28 40
0 12 28 40
0 11 29 40
0 11 29 40
0 11 29 40
0 10 30 40
0 10 30 40
0 10 30 40
0 10 30 40
0 10 30 40
0 10 30 40
0 10 30 40
0 10 30 40
0 9 31 40
0 9 31 40
0 9 31 40
0 9 31 40
0 9 31 40
0 9 31 40
0 9 31 40
0 9 31 40
0 8 32 40
0 7 33 40
0 7 33 40
0 7 33 40
0 7 33 40
0 7 33 40
0 7 33 40
0 7 33 40
0 7 33 40
0 7 33 40
0 7 33 40
0 7 33 40
0 7 33 40
0 6 34 40
0 6 34 40
0 6 34 40
0 6 34 40
0 6 34 40
0 6 34 40
0 6 34 40
0 6 34 40
0 5 35 40
0 5 35 40
0 5 35 40
0 5 35 40
0 5 35 40
0 5 35 40
0 5 35 40
0 5 35 40
0 5 35 40
0 5 35 40
0 5 35 40
0 4 36 40
0 4 36 40
0 4 36 40
0 3 37 40
0 3 37 40
0 3 37 40
0 3 37 40
0 3 37 40
0 3 37 40
0 3 37 40
0 3 37 40
0 3 37 40
0 3 37 40
0 3 37 40
0 2 38 40
0 2 38 40
0 2 38 40
0 2 38 40
0 2 38 40
0 2 38 40
0 2 38 40
0 2 38 40
0 2 38 40
0 2 38 40
0 2 38 40
0 2 38 40
0 2 38 40
0 2 38 40
0 1 39 40
0 1 39 40
0 1 39 40
0 1 39 40
0 1 39 40
0 1 39 40
0 1 39 40
0 1 39 40
0 1 39 40
0 1 39 40
0 1 39 40
0 1 39 40
0 1 39 40
0 1 39 40
0 1 39 40
0 1 39 40
0 1 39 40
0 1 39 40
0 1 39 40
0 0 40 40
finished!
Sat Jan 9 04:48:26 JST 2016
Sat Jan 9 05:54:06 JST 2016
