 Error in Subroutine ChimToChi0ffp                           
 Gamma(Chi^-_1 -> Chi_1) < 0 :           1           1   0.0000000000000000     
 The different contributions are :
 W f_1 fp_1             4.3786877098033304E-007
 S^-_1 f_1 fp_1         8.1207882868652803E-027
 S^-_2 f_1 fp_1         7.5129060974144495E-033
 Sfp_1 f_1 fp_1         3.4606319290097039E-036
 Sfp_2 f_1 fp_1         4.3301753840235854E-020
 Sf_1 f_1 fp_1          5.0858281010552519E-034
 Sf_2 f_1 fp_1          4.3936503299691606E-020
 W S^-_1 f_1 fp_1      -1.1580085962965394E-017
 W S^-_2 f_1 fp_1      -9.7880916410794098E-021
 W Sfp_1 f_1 fp_1      -6.7376394398219747E-016
 W Sfp_2 f_1 fp_1      -4.0071030698158721E-004
 W Sf_1 f_1 fp_1       -4.0076424311510064E-013
 W Sf_2 f_1 fp_1        2.4431826710917526E-004
 S^-_1 S^-_2 f_1 fp_1   1.3777550370408907E-029
 S^-_1 Sfp_1 f_1 fp_1  -1.4988850104713404E-031
 S^-_1 Sfp_2 f_1 fp_1   1.4856758301253557E-024
 S^-_2 Sfp_1 f_1 fp_1  -1.6035317903748592E-034
 S^-_2 Sfp_2 f_1 fp_1   4.3963896886085827E-027
 S^-_1 Sf_1 f_1 fp_1    1.8097544855319496E-030
 S^-_1 Sf_2 f_1 fp_1   -5.7638280737787351E-024
 S^-_2 Sf_1 f_1 fp_1    1.9274951089834481E-033
 S^-_2 Sf_2 f_1 fp_1   -7.2463213303664658E-027
 Sfp_1 Sfp_2 f_1 fp_1  -3.3974137687964775E-029
 Sfp_1 Sf_1 f_1 fp_1   -1.2587028301677952E-034
 Sfp_1 Sf_2 f_1 fp_1   -5.6271454187727372E-025
 Sfp_2 Sf_1 f_1 fp_1   -1.5274563036863542E-022
 Sfp_2 Sf_2 f_1 fp_1   -6.8354953552462483E-013
 Sf_1 Sf_2 f_1 fp_1    -8.0057292475734682E-028
 Error in Subroutine ChimToChi0ffp                           
 Gamma(Chi^-_1 -> Chi_1) < 0 :           1           1   0.0000000000000000     
 The different contributions are :
 W f_1 fp_1             4.4063549431019487E-007
 S^-_1 f_1 fp_1         3.1091358147122174E-028
 S^-_2 f_1 fp_1         3.5900938454838799E-034
 Sfp_1 f_1 fp_1         4.6897665864781205E-020
 Sf_1 f_1 fp_1          9.1576561649261942E-034
 Sf_2 f_1 fp_1          4.4893986436322829E-020
 W S^-_1 f_1 fp_1      -2.1082819399698646E-019
 W S^-_2 f_1 fp_1      -2.2654887574438368E-022
 W Sfp_1 f_1 fp_1      -5.4489591183501330E-004
 W Sf_1 f_1 fp_1        2.8009747776778084E-014
 W Sf_2 f_1 fp_1       -9.7616554636222917E-005
 S^-_1 S^-_2 f_1 fp_1   6.6819417402966063E-031
 S^-_1 Sf_1 f_1 fp_1    5.3455603326345553E-031
 S^-_1 Sf_2 f_1 fp_1    1.0661422614759512E-025
 S^-_2 Sf_1 f_1 fp_1    5.7563322606650434E-034
 S^-_2 Sf_2 f_1 fp_1    1.1445604974335338E-028
 Sfp_1 Sf_1 f_1 fp_1    3.2564708025021901E-023
 Sfp_1 Sf_2 f_1 fp_1    5.8922962719771094E-013
 Sf_1 Sf_2 f_1 fp_1    -1.1168642126818179E-028
 Error in Subroutine ChimToChi0ffp                           
 Gamma(Chi^-_1 -> Chi_1) < 0 :           2           2   0.0000000000000000     
 The different contributions are :
 W f_2 fp_2             1.7574569667947589E-008
 S^-_1 f_2 fp_2         5.3018431917310125E-025
 S^-_2 f_2 fp_2         6.1219838665148556E-031
 Sfp_2 f_2 fp_2         1.8707367270072431E-021
 Sf_3 f_2 fp_2          1.3984230781974419E-030
 Sf_4 f_2 fp_2          1.7908719084754863E-021
 W S^-_1 f_2 fp_2      -1.7311872328568554E-016
 W S^-_2 f_2 fp_2      -1.8602730018224046E-019
 W Sfp_2 f_2 fp_2      -6.0682613682048964E-005
 W Sf_3 f_2 fp_2        7.9039222485857567E-010
 W Sf_4 f_2 fp_2       -3.9228082034724093E-004
 S^-_1 S^-_2 f_2 fp_2   1.1394348644976482E-027
 S^-_1 Sf_3 f_2 fp_2   -3.9035143597405370E-027
 S^-_1 Sf_4 f_2 fp_2    1.9449307380500796E-021
 S^-_2 Sf_3 f_2 fp_2   -4.2912845353264739E-030
 S^-_2 Sf_4 f_2 fp_2    2.0881802558711861E-024
 Sfp_2 Sf_3 f_2 fp_2    7.9672845701842489E-019
 Sfp_2 Sf_4 f_2 fp_2    3.0907247539376148E-013
 Sf_3 Sf_4 f_2 fp_2    -8.8452331550516299E-026
 Error in Subroutine Chi0ToChi0ff                            
 Gamma(Chi_2 -> Chi_1 d d ) < 0 :           1           1   0.0000000000000000     
 The different contributions are :
 Z f_1 f_1              7.7742831834903164E-017
 S0_1 f_1 f_1           2.0511206859557525E-020
 S0_2 f_1 f_1           1.5120037104708909E-025
 P0_1 f_1 f_1           7.0126260336214787E-028
 P0_2 f_1 f_1           1.5266002444839136E-030
 Sf^2_1 f_1 f_1         2.5802186592587868E-021
 Sf^2_2 f_1 f_1         9.8101066721424078E-018
 Z P0_1 f_1 f_1        -6.0439544125330841E-024
 Z P0_2 f_1 f_1         2.8200021069323104E-025
 Z Sf_1 f_1 f_1        -1.4200711764135084E-012
 Z Sf_2 f_1 f_1        -1.6665154222405987E-010
 S0_1 S0_2 f_1 f_1      1.1137867098363573E-022
 S0_1 Sf_1 f_1 f_1     -8.0963414936534258E-023
 S0_1 Sf_2 f_1 f_1     -1.1538192612729603E-021
 S0_2 Sf_1 f_1 f_1     -2.1982105152233661E-025
 S0_2 Sf_2 f_1 f_1     -3.1326426854324626E-024
 P0_1 P0_2 f_1 f_1     -6.5438449290337874E-029
 P0_1 Sf_1 f_1 f_1     -3.3628509703609324E-026
 P0_1 Sf_2 f_1 f_1     -2.2438601999231569E-024
 P0_2 Sf_1 f_1 f_1      1.5690511947460430E-027
 P0_2 Sf_2 f_1 f_1      1.0469454190425217E-025
 tt Sf_1 Sf_2 f_1 f_1  -4.5783046912019758E-023
 tu Sf_1 Sf_1 f_1 f_1  -2.2058298073377663E-017
 tu Sf_1 Sf_2 f_1 f_1  -1.6199714440545283E-022
 tu Sf_2 Sf_1 f_1 f_1  -3.0965256043693609E-023
 tu Sf_2 Sf_2 f_1 f_1  -7.8654615248027468E-014
 Error in Subroutine Chi0ToChi0ff                            
 Gamma(Chi_2 -> Chi_1 d d ) < 0 :           2           2   0.0000000000000000     
 The different contributions are :
 Z f_2 f_2              6.7047413740402888E-017
 S0_1 f_2 f_2           6.1470108542731847E-018
 S0_2 f_2 f_2           4.5313206621056400E-023
 P0_1 f_2 f_2           1.1204326638377449E-025
 P0_2 f_2 f_2           4.9890454474921164E-028
 Sf^2_3 f_2 f_2         2.2330329494394470E-021
 Sf^2_4 f_2 f_2         8.6479978408608678E-018
 Z P0_1 f_2 f_2        -1.6328543715231718E-021
 Z P0_2 f_2 f_2         7.6185700026786326E-023
 Z Sf_3 f_2 f_2        -2.0473533084188605E-012
 Z Sf_4 f_2 f_2        -6.0237453648842838E-010
 S0_1 S0_2 f_2 f_2      3.3379081648271265E-020
 S0_1 Sf_3 f_2 f_2     -2.8896984402969912E-021
 S0_1 Sf_4 f_2 f_2     -1.8208182626528576E-021
 S0_2 Sf_3 f_2 f_2     -7.8460626638709295E-024
 S0_2 Sf_4 f_2 f_2     -4.9667867010582473E-024
 P0_1 P0_2 f_2 f_2     -2.1385813797959138E-026
 P0_1 Sf_3 f_2 f_2     -9.7682548040393898E-024
 P0_1 Sf_4 f_2 f_2     -6.0579312614255464E-022
 P0_2 Sf_3 f_2 f_2      4.5576713758230720E-025
 P0_2 Sf_4 f_2 f_2      2.8265088737505389E-023
 tt Sf_3 Sf_4 f_2 f_2  -1.3596450083702255E-020
 tu Sf_3 Sf_3 f_2 f_2  -1.3515503857689597E-017
 tu Sf_3 Sf_4 f_2 f_2  -2.6735640099225208E-020
 tu Sf_4 Sf_3 f_2 f_2  -7.7157223966459020E-021
 tu Sf_4 Sf_4 f_2 f_2  -3.3773904897304429E-014
 Error in Subroutine Chi0ToChi0ff                            
 Gamma(Chi_2 -> Chi_1 l l ) < 0 :           1           1   0.0000000000000000     
 The different contributions are :
 Z f_1 f_1              5.3477180063788610E-017
 S0_1 f_1 f_1           8.4405135735357571E-022
 S0_2 f_1 f_1           7.1791778163617710E-027
 P0_1 f_1 f_1           3.3287517495379836E-029
 P0_2 f_1 f_1           7.2464626579854284E-032
 Sf^2_1 f_1 f_1         2.1752762028704638E-019
 Sf^2_2 f_1 f_1         1.1854802000136693E-016
 Z Sf_1 f_1 f_1        -1.2909884108653120E-011
 Z Sf_2 f_1 f_1        -6.6320038372507542E-010
 S0_1 S0_2 f_1 f_1      4.9232488379354083E-024
 S0_1 Sf_1 f_1 f_1      3.9133174240940609E-024
 S0_1 Sf_2 f_1 f_1     -3.8901007368673443E-024
 S0_2 Sf_1 f_1 f_1      1.1412952020030002E-026
 S0_2 Sf_2 f_1 f_1     -1.1345242048829536E-026
 P0_1 P0_2 f_1 f_1     -3.1062308505366100E-030
 P0_1 Sf_1 f_1 f_1      1.2915755586002736E-028
 P0_1 Sf_2 f_1 f_1     -4.5336676321658734E-029
 P0_2 Sf_1 f_1 f_1     -6.0263688502186468E-030
 P0_2 Sf_2 f_1 f_1      2.1153231133002769E-030
 tt Sf_1 Sf_2 f_1 f_1  -2.7019967108610385E-026
 tu Sf_1 Sf_1 f_1 f_1   8.1065054341177734E-016
 tu Sf_1 Sf_2 f_1 f_1   5.6669661709284908E-023
 tu Sf_2 Sf_1 f_1 f_1   1.9814518863109091E-023
 tu Sf_2 Sf_2 f_1 f_1   1.2634800669907664E-012
 Error in Subroutine Chi0ToChi0ff                            
 Gamma(Chi_2 -> Chi_1 l l ) < 0 :           2           2   0.0000000000000000     
 The different contributions are :
 Z f_2 f_2              4.2447444570526247E-017
 S0_1 f_2 f_2           2.8640249553637065E-017
 S0_2 f_2 f_2           2.4360242828743431E-022
 P0_1 f_2 f_2           5.3185713748342841E-025
 P0_2 f_2 f_2           2.7312002915594298E-027
 Sf^2_3 f_2 f_2         1.8017820521081091E-019
 Sf^2_4 f_2 f_2         1.0153761464765113E-016
 Z P0_1 f_2 f_2        -4.0616257657206606E-021
 Z P0_2 f_2 f_2         1.8950710358735475E-022
 Z Sf_3 f_2 f_2         4.9983750261896549E-012
 Z Sf_4 f_2 f_2        -3.7029318807876075E-010
 S0_1 S0_2 f_2 f_2      1.6705489322390185E-019
 S0_1 Sf_3 f_2 f_2     -9.3756060624122804E-020
 S0_1 Sf_4 f_2 f_2      3.4304086254296650E-018
 S0_2 Sf_3 f_2 f_2     -2.7343849571977062E-022
 S0_2 Sf_4 f_2 f_2      1.0005044608299626E-020
 P0_1 P0_2 f_2 f_2     -1.1707442920240438E-025
 P0_1 Sf_3 f_2 f_2     -2.1759998046521447E-022
 P0_1 Sf_4 f_2 f_2      5.2449034947455752E-021
 P0_2 Sf_3 f_2 f_2      1.0152767052028477E-023
 P0_2 Sf_4 f_2 f_2     -2.4471637713498398E-022
 tt Sf_3 Sf_4 f_2 f_2   4.7702627173659996E-019
 tu Sf_3 Sf_3 f_2 f_2   5.2831426436135608E-016
 tu Sf_3 Sf_4 f_2 f_2   2.6260098750656688E-019
 tu Sf_4 Sf_3 f_2 f_2   6.2444063657896309E-019
 tu Sf_4 Sf_4 f_2 f_2  -1.7188925992204274E-013
 Error in Subroutine Chi0ToChi0NuNu                          
 Gamma(Chi_2 -> Chi_1 nu nu ) < 0 :           2           2   0.0000000000000000     
 The different contributions are :
 Z f_2 f_2              1.0689356988061792E-016
 Sf^2_2 f_2 f_2         1.0816602932903941E-016
 Z Sf_2 f_2 f_2        -3.5614433027127829E-009
 tu Sf_2 Sf_2 f_2 f_2   1.0120305918260199E-012
 Error in Subroutine Chi0ToChimffp                           
 Gamma(Chi_2 -> Chi^-_1) < 0 :           1           1   0.0000000000000000     
 The different contributions are :
 W f_1 fp_1             4.9890395740013874E-007
 S^-_1 f_1 fp_1         2.6059725523322662E-021
 S^-_2 f_1 fp_1         3.0100868292748352E-027
 Sfp_1 f_1 fp_1         4.2419064431873004E-017
 Sf_1 f_1 fp_1          7.6098337251007688E-027
 Sf_2 f_1 fp_1          4.8565488852237074E-017
 W Sfp_1 f_1 fp_1      -1.0796889830665022E-003
 W Sf_1 f_1 fp_1        6.4341260486576942E-015
 W Sf_2 f_1 fp_1       -1.5052410211097717E-004
 S^-_1 S^-_2 f_1 fp_1   5.6014803808427293E-024
 S^-_1 Sfp_1 f_1 fp_1  -6.5014538235806483E-027
 S^-_2 Sfp_1 f_1 fp_1  -6.9714422312683435E-030
 S^-_1 Sf_1 f_1 fp_1    4.4455943140441612E-024
 S^-_1 Sf_2 f_1 fp_1   -4.4129045181904768E-024
 S^-_2 Sf_1 f_1 fp_1    4.7676887615059929E-027
 S^-_2 Sf_2 f_1 fp_1   -4.7346093296874760E-027
 Sfp_1 Sf_1 f_1 fp_1    3.8466739646443559E-023
 Sfp_1 Sf_2 f_1 fp_1    2.3402398968419623E-013
 Sf_1 Sf_2 f_1 fp_1    -1.1073114420140644E-026
