#
#                              ======================
#                              | THE SUSYHIT OUTPUT |
#                              ======================
#
#
#              ------------------------------------------------------
#              |     This is the output of the SUSY-HIT package     |
#              |  created by A.Djouadi, M.Muehlleitner and M.Spira. |
#              |  In case of problems with SUSY-HIT email to        |
#              |           margarete.muehlleitner@kit.edu           |
#              |           michael.spira@psi.ch                     |
#              |           abdelhak.djouadi@cern.ch                 |
#              ------------------------------------------------------
#
#              ------------------------------------------------------
#              |  SUSY Les Houches Accord - MSSM Spectrum + Decays  |
#              |              based on the decay programs           |
#              |                                                    |
#              |                     SDECAY 1.4                     |
#              |                                                    |
#              |  Authors: M.Muhlleitner, A.Djouadi and Y.Mambrini  |
#              |  Ref.:    Comput.Phys.Commun.168(2005)46           |
#              |           [hep-ph/0311167]                         |
#              |                                                    |
#              |                     HDECAY 3.4                     |
#              |                                                    |
#              |  By: A.Djouadi,J.Kalinowski,M.Muhlleitner,M.Spira  |
#              |  Ref.:    Comput.Phys.Commun.108(1998)56           |
#              |           [hep-ph/9704448]                         |
#              |                                                    |
#              |                                                    |
#              |  If not stated otherwise all DRbar couplings and   |
#              |  soft SUSY breaking masses are given at the scale  |
#              |  Q=  0.56160448E+03
#              |                                                    |
#              ------------------------------------------------------
#
#
BLOCK DCINFO  # Decay Program information
     1   SDECAY/HDECAY # decay calculator
     2   1.4  /3.4    # version number
#
BLOCK SPINFO  # Spectrum calculator information
     1   SuSpect     # RGE +Spectrum calculator            
     2   2.41        # version number                      
#
BLOCK MODSEL  # Model selection
     1     1   # #SUGRA                                            
#
BLOCK SMINPUTS  # Standard Model inputs
         1     1.27934000E+02   # alpha_em^-1(M_Z)^MSbar
         2     1.16639000E-05   # G_F [GeV^-2]
         3     1.17200000E-01   # alpha_S(M_Z)^MSbar
         4     9.11870000E+01   # M_Z pole mass
         5     4.25000000E+00   # mb(mb)^MSbar
         6     1.72500000E+02   # mt pole mass
         7     1.77710000E+00   # mtau pole mass
#
BLOCK MINPAR  # Input parameters - minimal models
         1     1.41000000E+02   # m0                  
         2     3.00000000E+02   # m_1                 
         3     3.00000000E+01   # tanbeta(mZ)         
         4     1.00000000E+00   # sign(mu)            
         5     0.00000000E+00   # A0                  
#
BLOCK EXTPAR  # Input parameters - non-minimal models
         0     5.61604483E+02   # EWSB                
#
BLOCK MASS  # Mass Spectrum
# PDG code           mass       particle
        24     8.04777730E+01   # W+
        25     1.11709347E+02   # h
        35     3.99593339E+02   # H
        36     3.99523790E+02   # A
        37     4.08060258E+02   # H+
         5     4.87877839E+00   # b-quark pole mass calculated from mb(mb)_Msbar
   1000001     6.82051593E+02   # ~d_L
   2000001     6.55692154E+02   # ~d_R
   1000002     6.77395170E+02   # ~u_L
   2000002     6.56698117E+02   # ~u_R
   1000003     6.82051593E+02   # ~s_L
   2000003     6.55692154E+02   # ~s_R
   1000004     6.77395170E+02   # ~c_L
   2000004     6.56698117E+02   # ~c_R
   1000005     5.98925169E+02   # ~b_1
   2000005     6.47146040E+02   # ~b_2
   1000006     5.04411855E+02   # ~t_1
   2000006     6.71678650E+02   # ~t_2
   1000011     2.52325191E+02   # ~e_L
   2000011     1.84613827E+02   # ~e_R
   1000012     2.39613011E+02   # ~nu_eL
   1000013     2.52325191E+02   # ~mu_L
   2000013     1.84613827E+02   # ~mu_R
   1000014     2.39613011E+02   # ~nu_muL
   1000015     1.26333058E+02   # ~tau_1
   2000015     2.66228800E+02   # ~tau_2
   1000016     2.31991768E+02   # ~nu_tauL
   1000021     7.26012664E+02   # ~g
   1000022     1.15587868E+02   # ~chi_10
   1000023     2.20893953E+02   # ~chi_20
   1000025    -4.05703593E+02   # ~chi_30
   1000035     4.21168146E+02   # ~chi_40
   1000024     2.20687685E+02   # ~chi_1+
   1000037     4.22212280E+02   # ~chi_2+
#
BLOCK NMIX  # Neutralino Mixing Matrix
  1  1     9.90709805E-01   # N_11
  1  2    -2.98269069E-02   # N_12
  1  3     1.26357460E-01   # N_13
  1  4    -4.04750440E-02   # N_14
  2  1     6.86419033E-02   # N_21
  2  2     9.49560908E-01   # N_22
  2  3    -2.65104513E-01   # N_23
  2  4     1.52780783E-01   # N_24
  3  1     5.74245036E-02   # N_31
  3  2    -8.47459516E-02   # N_32
  3  3    -6.97444139E-01   # N_33
  3  4    -7.09289943E-01   # N_34
  4  1     1.02395297E-01   # N_41
  4  2    -3.00437282E-01   # N_42
  4  3    -6.53701050E-01   # N_43
  4  4     6.86969854E-01   # N_44
#
BLOCK UMIX  # Chargino Mixing Matrix U
  1  1    -9.24806231E-01   # U_11
  1  2     3.80438478E-01   # U_12
  2  1     3.80438478E-01   # U_21
  2  2     9.24806231E-01   # U_22
#
BLOCK VMIX  # Chargino Mixing Matrix V
  1  1    -9.75604651E-01   # V_11
  1  2     2.19534882E-01   # V_12
  2  1     2.19534882E-01   # V_21
  2  2     9.75604651E-01   # V_22
#
BLOCK STOPMIX  # Stop Mixing Matrix
  1  1     5.31615649E-01   # cos(theta_t)
  1  2     8.46985715E-01   # sin(theta_t)
  2  1    -8.46985715E-01   # -sin(theta_t)
  2  2     5.31615649E-01   # cos(theta_t)
#
BLOCK SBOTMIX  # Sbottom Mixing Matrix
  1  1     7.89662145E-01   # cos(theta_b)
  1  2     6.13541927E-01   # sin(theta_b)
  2  1    -6.13541927E-01   # -sin(theta_b)
  2  2     7.89662145E-01   # cos(theta_b)
#
BLOCK STAUMIX  # Stau Mixing Matrix
  1  1     4.43473561E-01   # cos(theta_tau)
  1  2     8.96287454E-01   # sin(theta_tau)
  2  1    -8.96287454E-01   # -sin(theta_tau)
  2  2     4.43473561E-01   # cos(theta_tau)
#
BLOCK ALPHA  # Higgs mixing
          -3.68762622E-02   # Mixing angle in the neutral Higgs boson sector
#
BLOCK HMIX Q=  5.61604483E+02  # DRbar Higgs Parameters
         1     3.99242418E+02   # mu(Q)               
         2     2.93652113E+01   # tanbeta(Q)          
         3     2.43230980E+02   # vev(Q)              
         4     1.91793791E+05   # MA^2(Q)             
#
BLOCK GAUGE Q=  5.61604483E+02  # The gauge couplings
     1     3.60624879E-01   # gprime(Q) DRbar
     2     6.51005017E-01   # g(Q) DRbar
     3     1.08271270E+00   # g3(Q) DRbar
#
BLOCK AU Q=  5.61604483E+02  # The trilinear couplings
  1  1    -7.41320696E+02   # A_u(Q) DRbar
  2  2    -7.41320696E+02   # A_c(Q) DRbar
  3  3    -5.58445773E+02   # A_t(Q) DRbar
#
BLOCK AD Q=  5.61604483E+02  # The trilinear couplings
  1  1    -8.76825605E+02   # A_d(Q) DRbar
  2  2    -8.76825605E+02   # A_s(Q) DRbar
  3  3    -7.85313003E+02   # A_b(Q) DRbar
#
BLOCK AE Q=  5.61604483E+02  # The trilinear couplings
  1  1    -1.55533906E+02   # A_e(Q) DRbar
  2  2    -1.55533906E+02   # A_mu(Q) DRbar
  3  3    -1.45445794E+02   # A_tau(Q) DRbar
#
BLOCK Yu Q=  5.61604483E+02  # The Yukawa couplings
  1  1     0.00000000E+00   # y_u(Q) DRbar
  2  2     0.00000000E+00   # y_c(Q) DRbar
  3  3     8.69710619E-01   # y_t(Q) DRbar
#
BLOCK Yd Q=  5.61604483E+02  # The Yukawa couplings
  1  1     0.00000000E+00   # y_d(Q) DRbar
  2  2     0.00000000E+00   # y_s(Q) DRbar
  3  3     3.89184989E-01   # y_b(Q) DRbar
#
BLOCK Ye Q=  5.61604483E+02  # The Yukawa couplings
  1  1     0.00000000E+00   # y_e(Q) DRbar
  2  2     0.00000000E+00   # y_mu(Q) DRbar
  3  3     3.14177601E-01   # y_tau(Q) DRbar
#
BLOCK MSOFT Q=  5.61604483E+02  # The soft SUSY breaking masses at the scale Q
         1     1.18799416E+02   # M_1                 
         2     2.27816433E+02   # M_2                 
         3     7.01790260E+02   # M_3                 
        21     4.60208265E+03   # M^2_Hd              
        22    -1.59835476E+05   # M^2_Hu              
        31     2.47993336E+02   # M_eL                
        32     2.47993336E+02   # M_muL               
        33     2.40637653E+02   # M_tauL              
        34     1.79341218E+02   # M_eR                
        35     1.79341218E+02   # M_muR               
        36     1.57601623E+02   # M_tauR              
        41     6.57136326E+02   # M_q1L               
        42     6.57136326E+02   # M_q2L               
        43     5.91127906E+02   # M_q3L               
        44     6.34889974E+02   # M_uR                
        45     6.34889974E+02   # M_cR                
        46     5.18030402E+02   # M_tR                
        47     6.32350746E+02   # M_dR                
        48     6.32350746E+02   # M_sR                
        49     6.05619957E+02   # M_bR                
#
#
#
#                             =================
#                             |The decay table|
#                             =================
#
# - The QCD corrections to the decays gluino -> squark  + quark
#                                     squark -> gaugino + quark_prime
#                                     squark -> squark_prime + Higgs
#                                     squark -> gluino  + quark
#   are included.
#
# - The multi-body decays for the inos, stops and sbottoms are included.
#
# - The loop induced decays for the gluino, neutralinos and stops
#   are included.
#
# - The SUSY decays of the top quark are included.
#
#
#         PDG            Width
DECAY         6     1.46755801E+00   # top decays
#          BR         NDA      ID1       ID2
     1.00000000E+00    2           5        24   # BR(t ->  b    W+)
#
#         PDG            Width
DECAY   1000021     5.68246886E+00   # gluino decays
#          BR         NDA      ID1       ID2
     1.81207497E-02    2     1000001        -1   # BR(~g -> ~d_L  db)
     1.81207497E-02    2    -1000001         1   # BR(~g -> ~d_L* d )
     4.46466884E-02    2     2000001        -1   # BR(~g -> ~d_R  db)
     4.46466884E-02    2    -2000001         1   # BR(~g -> ~d_R* d )
     2.20164663E-02    2     1000002        -2   # BR(~g -> ~u_L  ub)
     2.20164663E-02    2    -1000002         2   # BR(~g -> ~u_L* u )
     4.34416348E-02    2     2000002        -2   # BR(~g -> ~u_R  ub)
     4.34416348E-02    2    -2000002         2   # BR(~g -> ~u_R* u )
     1.81207497E-02    2     1000003        -3   # BR(~g -> ~s_L  sb)
     1.81207497E-02    2    -1000003         3   # BR(~g -> ~s_L* s )
     4.46466884E-02    2     2000003        -3   # BR(~g -> ~s_R  sb)
     4.46466884E-02    2    -2000003         3   # BR(~g -> ~s_R* s )
     2.20164663E-02    2     1000004        -4   # BR(~g -> ~c_L  cb)
     2.20164663E-02    2    -1000004         4   # BR(~g -> ~c_L* c )
     4.34416348E-02    2     2000004        -4   # BR(~g -> ~c_R  cb)
     4.34416348E-02    2    -2000004         4   # BR(~g -> ~c_R* c )
     1.26273015E-01    2     1000005        -5   # BR(~g -> ~b_1  bb)
     1.26273015E-01    2    -1000005         5   # BR(~g -> ~b_1* b )
     5.74698645E-02    2     2000005        -5   # BR(~g -> ~b_2  bb)
     5.74698645E-02    2    -2000005         5   # BR(~g -> ~b_2* b )
     5.98060422E-02    2     1000006        -6   # BR(~g -> ~t_1  tb)
     5.98060422E-02    2    -1000006         6   # BR(~g -> ~t_1* t )
#
#         PDG            Width
DECAY   1000006     3.20194649E+00   # stop1 decays
#          BR         NDA      ID1       ID2
     2.00757638E-01    2     1000022         6   # BR(~t_1 -> ~chi_10 t )
     1.51205148E-01    2     1000023         6   # BR(~t_1 -> ~chi_20 t )
     5.25375906E-01    2     1000024         5   # BR(~t_1 -> ~chi_1+ b )
     1.22661308E-01    2     1000037         5   # BR(~t_1 -> ~chi_2+ b )
#
#         PDG            Width
DECAY   2000006     9.37799503E+00   # stop2 decays
#          BR         NDA      ID1       ID2
     3.12049425E-02    2     1000022         6   # BR(~t_2 -> ~chi_10 t )
     8.79910704E-02    2     1000023         6   # BR(~t_2 -> ~chi_20 t )
     7.19995062E-02    2     1000025         6   # BR(~t_2 -> ~chi_30 t )
     2.41040483E-01    2     1000035         6   # BR(~t_2 -> ~chi_40 t )
     2.26736651E-01    2     1000024         5   # BR(~t_2 -> ~chi_1+ b )
     2.16131657E-01    2     1000037         5   # BR(~t_2 -> ~chi_2+ b )
     2.68581848E-02    2     1000006        25   # BR(~t_2 -> ~t_1    h )
     9.80375058E-02    2     1000006        23   # BR(~t_2 -> ~t_1    Z )
#
#         PDG            Width
DECAY   1000005     4.54688303E+00   # sbottom1 decays
#          BR         NDA      ID1       ID2
     7.55928624E-02    2     1000022         5   # BR(~b_1 -> ~chi_10 b )
     3.23844356E-01    2     1000023         5   # BR(~b_1 -> ~chi_20 b )
     4.63764002E-02    2     1000025         5   # BR(~b_1 -> ~chi_30 b )
     2.45428955E-02    2     1000035         5   # BR(~b_1 -> ~chi_40 b )
     4.61546086E-01    2    -1000024         6   # BR(~b_1 -> ~chi_1- t )
     5.11278710E-02    2    -1000037         6   # BR(~b_1 -> ~chi_2- t )
     1.69695289E-02    2     1000006       -24   # BR(~b_1 -> ~t_1    W-)
#
#         PDG            Width
DECAY   2000005     4.30798209E+00   # sbottom2 decays
#          BR         NDA      ID1       ID2
     3.02024602E-02    2     1000022         5   # BR(~b_2 -> ~chi_10 b )
     8.86421174E-02    2     1000023         5   # BR(~b_2 -> ~chi_20 b )
     9.35582037E-02    2     1000025         5   # BR(~b_2 -> ~chi_30 b )
     1.11331680E-01    2     1000035         5   # BR(~b_2 -> ~chi_40 b )
     1.24757581E-01    2    -1000024         6   # BR(~b_2 -> ~chi_1- t )
     4.25633435E-01    2    -1000037         6   # BR(~b_2 -> ~chi_2- t )
     1.25874524E-01    2     1000006       -24   # BR(~b_2 -> ~t_1    W-)
#
#         PDG            Width
DECAY   1000002     6.53240078E+00   # sup_L decays
#          BR         NDA      ID1       ID2
     9.37467045E-03    2     1000022         2   # BR(~u_L -> ~chi_10 u)
     3.14505446E-01    2     1000023         2   # BR(~u_L -> ~chi_20 u)
     9.68654799E-04    2     1000025         2   # BR(~u_L -> ~chi_30 u)
     1.27934819E-02    2     1000035         2   # BR(~u_L -> ~chi_40 u)
     6.46894862E-01    2     1000024         1   # BR(~u_L -> ~chi_1+ d)
     1.54628854E-02    2     1000037         1   # BR(~u_L -> ~chi_2+ d)
#
#         PDG            Width
DECAY   2000002     1.36879183E+00   # sup_R decays
#          BR         NDA      ID1       ID2
     9.90685475E-01    2     1000022         2   # BR(~u_R -> ~chi_10 u)
     3.99347881E-03    2     1000023         2   # BR(~u_R -> ~chi_20 u)
     1.36942887E-03    2     1000025         2   # BR(~u_R -> ~chi_30 u)
     3.95161766E-03    2     1000035         2   # BR(~u_R -> ~chi_40 u)
#
#         PDG            Width
DECAY   1000001     6.34777048E+00   # sdown_L decays
#          BR         NDA      ID1       ID2
     1.87552104E-02    2     1000022         1   # BR(~d_L -> ~chi_10 d)
     3.09645843E-01    2     1000023         1   # BR(~d_L -> ~chi_20 d)
     1.68357362E-03    2     1000025         1   # BR(~d_L -> ~chi_30 d)
     1.73316157E-02    2     1000035         1   # BR(~d_L -> ~chi_40 d)
     6.03685683E-01    2    -1000024         2   # BR(~d_L -> ~chi_1- u)
     4.88980741E-02    2    -1000037         2   # BR(~d_L -> ~chi_2- u)
#
#         PDG            Width
DECAY   2000001     3.41659153E-01   # sdown_R decays
#          BR         NDA      ID1       ID2
     9.90708497E-01    2     1000022         1   # BR(~d_R -> ~chi_10 d)
     3.99122718E-03    2     1000023         1   # BR(~d_R -> ~chi_20 d)
     1.36458334E-03    2     1000025         1   # BR(~d_R -> ~chi_30 d)
     3.93569212E-03    2     1000035         1   # BR(~d_R -> ~chi_40 d)
#
#         PDG            Width
DECAY   1000004     6.53240078E+00   # scharm_L decays
#          BR         NDA      ID1       ID2
     9.37467045E-03    2     1000022         4   # BR(~c_L -> ~chi_10 c)
     3.14505446E-01    2     1000023         4   # BR(~c_L -> ~chi_20 c)
     9.68654799E-04    2     1000025         4   # BR(~c_L -> ~chi_30 c)
     1.27934819E-02    2     1000035         4   # BR(~c_L -> ~chi_40 c)
     6.46894862E-01    2     1000024         3   # BR(~c_L -> ~chi_1+ s)
     1.54628854E-02    2     1000037         3   # BR(~c_L -> ~chi_2+ s)
#
#         PDG            Width
DECAY   2000004     1.36879183E+00   # scharm_R decays
#          BR         NDA      ID1       ID2
     9.90685475E-01    2     1000022         4   # BR(~c_R -> ~chi_10 c)
     3.99347881E-03    2     1000023         4   # BR(~c_R -> ~chi_20 c)
     1.36942887E-03    2     1000025         4   # BR(~c_R -> ~chi_30 c)
     3.95161766E-03    2     1000035         4   # BR(~c_R -> ~chi_40 c)
#
#         PDG            Width
DECAY   1000003     6.34777048E+00   # sstrange_L decays
#          BR         NDA      ID1       ID2
     1.87552104E-02    2     1000022         3   # BR(~s_L -> ~chi_10 s)
     3.09645843E-01    2     1000023         3   # BR(~s_L -> ~chi_20 s)
     1.68357362E-03    2     1000025         3   # BR(~s_L -> ~chi_30 s)
     1.73316157E-02    2     1000035         3   # BR(~s_L -> ~chi_40 s)
     6.03685683E-01    2    -1000024         4   # BR(~s_L -> ~chi_1- c)
     4.88980741E-02    2    -1000037         4   # BR(~s_L -> ~chi_2- c)
#
#         PDG            Width
DECAY   2000003     3.41659153E-01   # sstrange_R decays
#          BR         NDA      ID1       ID2
     9.90708497E-01    2     1000022         3   # BR(~s_R -> ~chi_10 s)
     3.99122718E-03    2     1000023         3   # BR(~s_R -> ~chi_20 s)
     1.36458334E-03    2     1000025         3   # BR(~s_R -> ~chi_30 s)
     3.93569212E-03    2     1000035         3   # BR(~s_R -> ~chi_40 s)
#
#         PDG            Width
DECAY   1000011     3.36020360E-01   # selectron_L decays
#          BR         NDA      ID1       ID2
     5.32333104E-01    2     1000022        11   # BR(~e_L -> ~chi_10 e-)
     1.68507056E-01    2     1000023        11   # BR(~e_L -> ~chi_20 e-)
     2.99159840E-01    2    -1000024        12   # BR(~e_L -> ~chi_1- nu_e)
#
#         PDG            Width
DECAY   2000011     3.46595512E-01   # selectron_R decays
#          BR         NDA      ID1       ID2
     1.00000000E+00    2     1000022        11   # BR(~e_R -> ~chi_10 e-)
#
#         PDG            Width
DECAY   1000013     3.36020360E-01   # smuon_L decays
#          BR         NDA      ID1       ID2
     5.32333104E-01    2     1000022        13   # BR(~mu_L -> ~chi_10 mu-)
     1.68507056E-01    2     1000023        13   # BR(~mu_L -> ~chi_20 mu-)
     2.99159840E-01    2    -1000024        14   # BR(~mu_L -> ~chi_1- nu_mu)
#
#         PDG            Width
DECAY   2000013     3.46595512E-01   # smuon_R decays
#          BR         NDA      ID1       ID2
     1.00000000E+00    2     1000022        13   # BR(~mu_R -> ~chi_10 mu-)
#
#         PDG            Width
DECAY   1000015     1.55493041E-02   # stau_1 decays
#          BR         NDA      ID1       ID2
     1.00000000E+00    2     1000022        15   # BR(~tau_1 -> ~chi_10  tau-)
#
#         PDG            Width
DECAY   2000015     7.85902631E-01   # stau_2 decays
#          BR         NDA      ID1       ID2
     3.93169738E-01    2     1000022        15   # BR(~tau_2 -> ~chi_10  tau-)
     9.35015065E-02    2     1000023        15   # BR(~tau_2 -> ~chi_20  tau-)
     1.56195586E-01    2    -1000024        16   # BR(~tau_2 -> ~chi_1-  nu_tau)
     1.22520775E-01    2     1000015        25   # BR(~tau_2 -> ~tau_1   h)
     2.34612394E-01    2     1000015        23   # BR(~tau_2 -> ~tau_1   Z)
#
#         PDG            Width
DECAY   1000012     2.62305270E-01   # snu_eL decays
#          BR         NDA      ID1       ID2
     7.59106018E-01    2     1000022        12   # BR(~nu_eL -> ~chi_10 nu_e)
     7.21305552E-02    2     1000023        12   # BR(~nu_eL -> ~chi_20 nu_e)
     1.68763427E-01    2     1000024        11   # BR(~nu_eL -> ~chi_1+ e-)
#
#         PDG            Width
DECAY   1000014     2.62305270E-01   # snu_muL decays
#          BR         NDA      ID1       ID2
     7.59106018E-01    2     1000022        14   # BR(~nu_muL -> ~chi_10 nu_mu)
     7.21305552E-02    2     1000023        14   # BR(~nu_muL -> ~chi_20 nu_mu)
     1.68763427E-01    2     1000024        13   # BR(~nu_muL -> ~chi_1+ mu-)
#
#         PDG            Width
DECAY   1000016     3.48436853E-01   # snu_tauL decays
#          BR         NDA      ID1       ID2
     5.31098417E-01    2     1000022        16   # BR(~nu_tauL -> ~chi_10 nu_tau)
     2.03389022E-02    2     1000023        16   # BR(~nu_tauL -> ~chi_20 nu_tau)
     4.66070252E-02    2     1000024        15   # BR(~nu_tauL -> ~chi_1+ tau-)
     4.01955656E-01    2    -1000015       -24   # BR(~nu_tauL -> ~tau_1+ W-)
#
#         PDG            Width
DECAY   1000024     1.43669185E-01   # chargino1+ decays
#          BR         NDA      ID1       ID2
     9.66651983E-01    2    -1000015        16   # BR(~chi_1+ -> ~tau_1+  nu_tau)
     3.33480169E-02    2     1000022        24   # BR(~chi_1+ -> ~chi_10  W+)
#
#         PDG            Width
DECAY   1000037     2.76414953E+00   # chargino2+ decays
#          BR         NDA      ID1       ID2
     1.42628582E-02    2     1000012       -11   # BR(~chi_2+ -> ~nu_eL   e+  )
     1.42628582E-02    2     1000014       -13   # BR(~chi_2+ -> ~nu_muL  mu+ )
     7.68891681E-02    2     1000016       -15   # BR(~chi_2+ -> ~nu_tau1 tau+)
     3.85138102E-02    2    -1000011        12   # BR(~chi_2+ -> ~e_L+    nu_e)
     3.85138102E-02    2    -1000013        14   # BR(~chi_2+ -> ~mu_L+   nu_mu)
     2.85605141E-02    2    -1000015        16   # BR(~chi_2+ -> ~tau_1+  nu_tau)
     6.78640692E-02    2    -2000015        16   # BR(~chi_2+ -> ~tau_2+  nu_tau)
     2.22550872E-01    2     1000024        23   # BR(~chi_2+ -> ~chi_1+  Z )
     7.44384113E-02    2     1000022        24   # BR(~chi_2+ -> ~chi_10  W+)
     2.55325823E-01    2     1000023        24   # BR(~chi_2+ -> ~chi_20  W+)
     1.68817806E-01    2     1000024        25   # BR(~chi_2+ -> ~chi_1+  h )
#
#         PDG            Width
DECAY   1000022     0.00000000E+00   # neutralino1 decays
#
#         PDG            Width
DECAY   1000023     1.54179347E-01   # neutralino2 decays
#          BR         NDA      ID1       ID2
     7.37829265E-03    2     1000022        23   # BR(~chi_20 -> ~chi_10   Z )
     1.58773647E-03    2     2000011       -11   # BR(~chi_20 -> ~e_R-     e+)
     1.58773647E-03    2    -2000011        11   # BR(~chi_20 -> ~e_R+     e-)
     1.58773647E-03    2     2000013       -13   # BR(~chi_20 -> ~mu_R-    mu+)
     1.58773647E-03    2    -2000013        13   # BR(~chi_20 -> ~mu_R+    mu-)
     4.93135381E-01    2     1000015       -15   # BR(~chi_20 -> ~tau_1-   tau+)
     4.93135381E-01    2    -1000015        15   # BR(~chi_20 -> ~tau_1+   tau-)
#
#         PDG            Width
DECAY   1000025     2.35188027E+00   # neutralino3 decays
#          BR         NDA      ID1       ID2
     8.90335687E-02    2     1000022        23   # BR(~chi_30 -> ~chi_10   Z )
     1.91175372E-01    2     1000023        23   # BR(~chi_30 -> ~chi_20   Z )
     2.47325633E-01    2     1000024       -24   # BR(~chi_30 -> ~chi_1+   W-)
     2.47325633E-01    2    -1000024        24   # BR(~chi_30 -> ~chi_1-   W+)
     2.10418341E-02    2     1000022        25   # BR(~chi_30 -> ~chi_10   h )
     1.08707248E-02    2     1000023        25   # BR(~chi_30 -> ~chi_20   h )
     3.83098788E-04    2     1000011       -11   # BR(~chi_30 -> ~e_L-     e+)
     3.83098788E-04    2    -1000011        11   # BR(~chi_30 -> ~e_L+     e-)
     9.25342953E-04    2     2000011       -11   # BR(~chi_30 -> ~e_R-     e+)
     9.25342953E-04    2    -2000011        11   # BR(~chi_30 -> ~e_R+     e-)
     3.83098788E-04    2     1000013       -13   # BR(~chi_30 -> ~mu_L-    mu+)
     3.83098788E-04    2    -1000013        13   # BR(~chi_30 -> ~mu_L+    mu-)
     9.25342953E-04    2     2000013       -13   # BR(~chi_30 -> ~mu_R-    mu+)
     9.25342953E-04    2    -2000013        13   # BR(~chi_30 -> ~mu_R+    mu-)
     5.48769832E-02    2     1000015       -15   # BR(~chi_30 -> ~tau_1-   tau+)
     5.48769832E-02    2    -1000015        15   # BR(~chi_30 -> ~tau_1+   tau-)
     3.26930663E-02    2     2000015       -15   # BR(~chi_30 -> ~tau_2-   tau+)
     3.26930663E-02    2    -2000015        15   # BR(~chi_30 -> ~tau_2+   tau-)
     2.09461566E-03    2     1000012       -12   # BR(~chi_30 -> ~nu_eL    nu_eb)
     2.09461566E-03    2    -1000012        12   # BR(~chi_30 -> ~nu_eL*   nu_e )
     2.09461566E-03    2     1000014       -14   # BR(~chi_30 -> ~nu_muL   nu_mub)
     2.09461566E-03    2    -1000014        14   # BR(~chi_30 -> ~nu_muL*  nu_mu )
     2.23745307E-03    2     1000016       -16   # BR(~chi_30 -> ~nu_tau1  nu_taub)
     2.23745307E-03    2    -1000016        16   # BR(~chi_30 -> ~nu_tau1* nu_tau )
#
#         PDG            Width
DECAY   1000035     2.89210815E+00   # neutralino4 decays
#          BR         NDA      ID1       ID2
     2.18603751E-02    2     1000022        23   # BR(~chi_40 -> ~chi_10   Z )
     1.86009984E-02    2     1000023        23   # BR(~chi_40 -> ~chi_20   Z )
     2.37047320E-01    2     1000024       -24   # BR(~chi_40 -> ~chi_1+   W-)
     2.37047320E-01    2    -1000024        24   # BR(~chi_40 -> ~chi_1-   W+)
     6.26701393E-02    2     1000022        25   # BR(~chi_40 -> ~chi_10   h )
     1.42545374E-01    2     1000023        25   # BR(~chi_40 -> ~chi_20   h )
     7.49300197E-03    2     1000011       -11   # BR(~chi_40 -> ~e_L-     e+)
     7.49300197E-03    2    -1000011        11   # BR(~chi_40 -> ~e_L+     e-)
     2.57818994E-03    2     2000011       -11   # BR(~chi_40 -> ~e_R-     e+)
     2.57818994E-03    2    -2000011        11   # BR(~chi_40 -> ~e_R+     e-)
     7.49300197E-03    2     1000013       -13   # BR(~chi_40 -> ~mu_L-    mu+)
     7.49300197E-03    2    -1000013        13   # BR(~chi_40 -> ~mu_L+    mu-)
     2.57818994E-03    2     2000013       -13   # BR(~chi_40 -> ~mu_R-    mu+)
     2.57818994E-03    2    -2000013        13   # BR(~chi_40 -> ~mu_R+    mu-)
     2.41288805E-02    2     1000015       -15   # BR(~chi_40 -> ~tau_1-   tau+)
     2.41288805E-02    2    -1000015        15   # BR(~chi_40 -> ~tau_1+   tau-)
     4.10214218E-02    2     2000015       -15   # BR(~chi_40 -> ~tau_2-   tau+)
     4.10214218E-02    2    -2000015        15   # BR(~chi_40 -> ~tau_2+   tau-)
     1.79107571E-02    2     1000012       -12   # BR(~chi_40 -> ~nu_eL    nu_eb)
     1.79107571E-02    2    -1000012        12   # BR(~chi_40 -> ~nu_eL*   nu_e )
     1.79107571E-02    2     1000014       -14   # BR(~chi_40 -> ~nu_muL   nu_mub)
     1.79107571E-02    2    -1000014        14   # BR(~chi_40 -> ~nu_muL*  nu_mu )
     1.90000363E-02    2     1000016       -16   # BR(~chi_40 -> ~nu_tau1  nu_taub)
     1.90000363E-02    2    -1000016        16   # BR(~chi_40 -> ~nu_tau1* nu_tau )
#
#         PDG            Width
DECAY        25     3.92524167E-03   # h decays
#          BR         NDA      ID1       ID2
     8.10328375E-01    2           5        -5   # BR(h -> b       bb     )
     6.91150324E-02    2         -15        15   # BR(h -> tau+    tau-   )
     2.44688863E-04    2         -13        13   # BR(h -> mu+     mu-    )
     5.29116741E-04    2           3        -3   # BR(h -> s       sb     )
     1.96736777E-02    2           4        -4   # BR(h -> c       cb     )
     5.23882991E-02    2          21        21   # BR(h -> g       g      )
     1.54236050E-03    2          22        22   # BR(h -> gam     gam    )
     3.65077559E-04    2          22        23   # BR(h -> Z       gam    )
     4.17837642E-02    2          24       -24   # BR(h -> W+      W-     )
     4.02960827E-03    2          23        23   # BR(h -> Z       Z      )
#
#         PDG            Width
DECAY        35     5.94055335E+00   # H decays
#          BR         NDA      ID1       ID2
     8.68691396E-01    2           5        -5   # BR(H -> b       bb     )
     1.20188068E-01    2         -15        15   # BR(H -> tau+    tau-   )
     4.24909994E-04    2         -13        13   # BR(H -> mu+     mu-    )
     7.06443632E-04    2           3        -3   # BR(H -> s       sb     )
     4.98443022E-08    2           4        -4   # BR(H -> c       cb     )
     9.77836074E-04    2           6        -6   # BR(H -> t       tb     )
     3.97326358E-04    2          21        21   # BR(H -> g       g      )
     4.07425251E-07    2          22        22   # BR(H -> gam     gam    )
     8.76147772E-08    2          23        22   # BR(H -> Z       gam    )
     2.22418110E-05    2          24       -24   # BR(H -> W+      W-     )
     1.03916515E-05    2          23        23   # BR(H -> Z       Z      )
     8.92198959E-05    2          25        25   # BR(H -> h       h      )
     2.38195839E-22    2          36        36   # BR(H -> A       A      )
     7.67063625E-19    2          23        36   # BR(H -> Z       A      )
     1.50257548E-03    2     1000022   1000022   # BR(H -> ~chi_10 ~chi_10)
     2.89268492E-03    2     1000022   1000023   # BR(H -> ~chi_10 ~chi_20)
     3.58790516E-06    2     2000011  -2000011   # BR(H -> ~e_R-   ~e_R+  )
     3.58790516E-06    2     2000013  -2000013   # BR(H -> ~mu_R-  ~mu_R+ )
     3.25055409E-03    2     1000015  -1000015   # BR(H -> ~tau_1- ~tau_1+)
     4.19315976E-04    2     1000015  -2000015   # BR(H -> ~tau_1- ~tau_2+)
     4.19315976E-04    2     2000015  -1000015   # BR(H -> ~tau_2- ~tau_1+)
#
#         PDG            Width
DECAY        36     5.98823404E+00   # A decays
#          BR         NDA      ID1       ID2
     8.62007153E-01    2           5        -5   # BR(A -> b       bb     )
     1.19243747E-01    2         -15        15   # BR(A -> tau+    tau-   )
     4.21538236E-04    2         -13        13   # BR(A -> mu+     mu-    )
     7.00914531E-04    2           3        -3   # BR(A -> s       sb     )
     4.25122675E-08    2           4        -4   # BR(A -> c       cb     )
     2.86950459E-03    2           6        -6   # BR(A -> t       tb     )
     3.34505205E-04    2          21        21   # BR(A -> g       g      )
     5.05939581E-07    2          22        22   # BR(A -> gam     gam    )
     5.23157782E-08    2          23        22   # BR(A -> Z       gam    )
     1.78915265E-05    2          23        25   # BR(A -> Z       h      )
     2.34458515E-03    2     1000022   1000022   # BR(A -> ~chi_10 ~chi_10)
     9.79955938E-03    2     1000022   1000023   # BR(A -> ~chi_10 ~chi_20)
     1.13000030E-03    2     1000015  -2000015   # BR(A -> ~tau_1- ~tau_2+)
     1.13000030E-03    2    -1000015   2000015   # BR(A -> ~tau_1+ ~tau_2-)
#
#         PDG            Width
DECAY        37     4.28643957E+00   # H+ decays
#          BR         NDA      ID1       ID2
     1.54320316E-03    2           4        -5   # BR(H+ -> c       bb     )
     1.70145333E-01    2         -15        16   # BR(H+ -> tau+    nu_tau )
     6.01479308E-04    2         -13        14   # BR(H+ -> mu+     nu_mu  )
     9.87599772E-06    2           2        -5   # BR(H+ -> u       bb     )
     4.73051506E-05    2           2        -3   # BR(H+ -> u       sb     )
     9.73005589E-04    2           4        -3   # BR(H+ -> c       sb     )
     8.02544741E-01    2           6        -5   # BR(H+ -> t       bb     )
     2.84591040E-05    2          24        25   # BR(H+ -> W+      h      )
     1.35749206E-08    2          24        36   # BR(H+ -> W+      A      )
     1.77366850E-02    2     1000024   1000022   # BR(H+ -> ~chi_1+ ~chi_10)
     6.36989937E-03    2    -1000015   1000016   # BR(H+ -> ~tau_1+ ~nu_tauL)
