 Error in Subroutine ChimToChi0ffp                           
 Gamma(Chi^-_1 -> Chi_1) < 0 :           1           1   0.0000000000000000     
 The different contributions are :
 W f_1 fp_1             8.3670330053010028E-011
 S^-_1 f_1 fp_1         6.8268580932621727E-039
 S^-_2 f_1 fp_1         1.8236677722682900E-049
 Sfp_1 f_1 fp_1         5.4515724882553008E-025
 Sf_1 f_1 fp_1          2.1567799174971843E-042
 Sf_2 f_1 fp_1          5.4505264408647334E-025
 W S^-_1 f_1 fp_1       3.2258964387872220E-026
 W S^-_2 f_1 fp_1       1.6672961426273366E-031
 W Sfp_1 f_1 fp_1      -1.0249987803840214E-004
 W Sf_1 f_1 fp_1        1.3566903130492291E-013
 W Sf_2 f_1 fp_1       -1.3615828958921405E-003
 S^-_1 S^-_2 f_1 fp_1   7.0568880033455340E-044
 S^-_1 Sf_1 f_1 fp_1    8.7614852829447683E-039
 S^-_1 Sf_2 f_1 fp_1    3.5919662030266326E-029
 S^-_2 Sf_1 f_1 fp_1    6.4278909064670356E-044
 S^-_2 Sf_2 f_1 fp_1    1.8532675965176809E-034
 Sfp_1 Sf_1 f_1 fp_1   -4.9727279927932220E-024
 Sfp_1 Sf_2 f_1 fp_1   -1.6261800527461368E-014
 Sf_1 Sf_2 f_1 fp_1     4.0241211321837586E-034
 Error in Subroutine Chi0ToChi0ff                            
 Gamma(Chi_2 -> Chi_1 u u ) < 0 :           1           1   0.0000000000000000     
 The different contributions are :
 Z f_1 f_1              1.4505635485832936E-010
 S0_1 f_1 f_1           5.0526516545392448E-015
 S0_2 f_1 f_1           1.5171833658228418E-028
 P0_1 f_1 f_1           1.2789954631711829E-019
 P0_2 f_1 f_1           1.6815259152675947E-029
 Sf^2_1 f_1 f_1         1.2500606029100424E-018
 Sf^2_2 f_1 f_1         1.8757578269656339E-011
 Z Sf_1 f_1 f_1         6.3570351895605455E-009
 Z Sf_2 f_1 f_1        -2.4084903451722310E-005
 S0_1 S0_2 f_1 f_1     -1.7507005498717614E-021
 S0_1 Sf_1 f_1 f_1      1.3173710660092118E-019
 S0_1 Sf_2 f_1 f_1     -1.2987635904202249E-019
 S0_2 Sf_1 f_1 f_1     -2.2418339867681121E-026
 S0_2 Sf_2 f_1 f_1      2.2234134366521455E-026
 P0_1 P0_2 f_1 f_1      2.9296467423982621E-024
 P0_1 Sf_1 f_1 f_1      2.1237324757508219E-022
 P0_1 Sf_2 f_1 f_1     -2.1464837510430920E-022
 P0_2 Sf_1 f_1 f_1      2.1252180429581208E-027
 P0_2 Sf_2 f_1 f_1     -2.1752821975595537E-027
 tt Sf_1 Sf_2 f_1 f_1  -6.9968094967218064E-024
 tu Sf_1 Sf_1 f_1 f_1   4.8578858433036791E-019
 tu Sf_1 Sf_2 f_1 f_1   9.4137223462053974E-026
 tu Sf_2 Sf_1 f_1 f_1   9.1883252835516617E-026
 tu Sf_2 Sf_2 f_1 f_1   7.4786136052088943E-012
 Error in Subroutine Chi0ToChi0ff                            
 Gamma(Chi_2 -> Chi_1 d d ) < 0 :           1           1   0.0000000000000000     
 The different contributions are :
 Z f_1 f_1              1.8912176753052897E-010
 S0_1 f_1 f_1           2.3941982353734396E-014
 S0_2 f_1 f_1           6.1730399383886031E-024
 P0_1 f_1 f_1           5.2039197599053186E-019
 P0_2 f_1 f_1           6.8417177302236776E-025
 Sf^2_1 f_1 f_1         1.1920419795218405E-019
 Sf^2_2 f_1 f_1         1.8727707672800913E-011
 Z Sf_1 f_1 f_1         3.2563556500638906E-010
 Z Sf_2 f_1 f_1        -3.2998104626769771E-005
 S0_1 S0_2 f_1 f_1      7.6871038741909919E-019
 S0_1 Sf_1 f_1 f_1      2.9908022682212226E-017
 S0_1 Sf_2 f_1 f_1     -2.9280720982900989E-017
 S0_2 Sf_1 f_1 f_1      4.7445400465372723E-022
 S0_2 Sf_2 f_1 f_1     -4.6575390292505303E-022
 P0_1 P0_2 f_1 f_1     -1.1920016146506115E-021
 P0_1 Sf_1 f_1 f_1     -4.3698251910592073E-020
 P0_1 Sf_2 f_1 f_1      4.3717890280042293E-020
 P0_2 Sf_1 f_1 f_1      4.7441701759491751E-023
 P0_2 Sf_2 f_1 f_1     -4.6151160953305717E-023
 tt Sf_1 Sf_2 f_1 f_1  -6.0338911934548612E-020
 tu Sf_1 Sf_1 f_1 f_1   3.1635492610941478E-020
 tu Sf_1 Sf_2 f_1 f_1   4.1317394702662887E-021
 tu Sf_2 Sf_1 f_1 f_1   4.1329621260211672E-021
 tu Sf_2 Sf_2 f_1 f_1   7.5844695213939033E-012
 Error in Subroutine Chi0ToChi0ff                            
 Gamma(Chi_2 -> Chi_1 l l ) < 0 :           1           1   0.0000000000000000     
 The different contributions are :
 Z f_1 f_1              1.3252962244093210E-010
 S0_1 f_1 f_1           9.8357687901194587E-016
 S0_2 f_1 f_1           3.8791306009073571E-025
 P0_1 f_1 f_1           3.2701366890207865E-020
 P0_2 f_1 f_1           4.2993268916074732E-026
 Sf^2_1 f_1 f_1         6.7845452570179457E-018
 Sf^2_2 f_1 f_1         1.7440834645652277E-010
 Z Sf_1 f_1 f_1        -9.2651004771739059E-009
 Z Sf_2 f_1 f_1        -2.6324076502336242E-005
 S0_1 S0_2 f_1 f_1      3.9057506112895583E-020
 S0_1 Sf_1 f_1 f_1      1.5977074423978105E-017
 S0_1 Sf_2 f_1 f_1     -1.5965114927648786E-017
 S0_2 Sf_1 f_1 f_1      3.1370491280132173E-022
 S0_2 Sf_2 f_1 f_1     -3.1309239541846520E-022
 P0_1 P0_2 f_1 f_1     -7.4905232849168734E-023
 P0_1 Sf_1 f_1 f_1     -3.0209605957425103E-020
 P0_1 Sf_2 f_1 f_1      3.0068641805509266E-020
 P0_2 Sf_1 f_1 f_1      3.0923284202718980E-023
 P0_2 Sf_2 f_1 f_1     -3.1034880011293425E-023
 tt Sf_1 Sf_2 f_1 f_1  -4.2904526409506683E-019
 tu Sf_1 Sf_1 f_1 f_1   2.5498435247575271E-018
 tu Sf_1 Sf_2 f_1 f_1   2.8974269549186643E-020
 tu Sf_2 Sf_1 f_1 f_1   2.8127633757278497E-020
 tu Sf_2 Sf_2 f_1 f_1   7.0518378484393748E-011
 Error in Subroutine Chi0ToChi0ff                            
 Gamma(Chi_2 -> Chi_1 l l ) < 0 :           2           2   0.0000000000000000     
 The different contributions are :
 Z f_2 f_2              1.3251721669466025E-010
 S0_1 f_2 f_2           4.2046211235681441E-011
 S0_2 f_2 f_2           1.6582737128384196E-020
 P0_1 f_2 f_2           1.3980227050478770E-015
 P0_2 f_2 f_2           1.8380082617232491E-021
 Sf^2_3 f_2 f_2         1.2255033021020404E-014
 Sf^2_4 f_2 f_2         1.7442556652239392E-010
 Z P0_1 f_2 f_2        -5.8239423056906210E-015
 Z P0_2 f_2 f_2         6.9095110431525351E-018
 Z Sf_3 f_2 f_2         1.4524617258792826E-008
 Z Sf_4 f_2 f_2        -5.6622172967195790E-005
 S0_1 S0_2 f_2 f_2      1.6696470978849933E-015
 S0_1 Sf_3 f_2 f_2      6.7979868948893492E-013
 S0_1 Sf_4 f_2 f_2     -6.7981890435419524E-013
 S0_2 Sf_3 f_2 f_2      1.3411207697322263E-017
 S0_2 Sf_4 f_2 f_2     -1.3214669587059583E-017
 P0_1 P0_2 f_2 f_2     -3.2022840488539825E-018
 P0_1 Sf_3 f_2 f_2     -1.2401813866271060E-015
 P0_1 Sf_4 f_2 f_2      7.0847587735772387E-015
 P0_2 Sf_3 f_2 f_2      1.3310363149211283E-018
 P0_2 Sf_4 f_2 f_2     -8.2324891012075484E-018
 tt Sf_3 Sf_4 f_2 f_2  -4.1866095423856200E-014
 tu Sf_3 Sf_3 f_2 f_2   1.0940693902229321E-018
 tu Sf_3 Sf_4 f_2 f_2  -1.8763646006027757E-015
 tu Sf_4 Sf_3 f_2 f_2  -1.8343430962601560E-015
 tu Sf_4 Sf_4 f_2 f_2   7.1237230574191088E-011
 Error in Subroutine Chi0ToChi0NuNu                          
 Gamma(Chi_2 -> Chi_1 nu nu ) < 0 :           3           3   0.0000000000000000     
 The different contributions are :
 Z f_3 f_3              2.6472586045753090E-010
 Sf^2_3 f_3 f_3         1.7441840685517724E-010
 Z Sf_3 f_3 f_3        -4.1137581749300326E-005
 tu Sf_3 Sf_3 f_3 f_3   6.8196954484841027E-011
 Error in Subroutine Chi0ToChimffp                           
 Gamma(Chi_2 -> Chi^-_1) < 0 :           2           2   0.0000000000000000     
 The different contributions are :
 W f_2 fp_2             7.1644286734119677E-004
 S^-_1 f_2 fp_2         8.5480411314994643E-009
 S^-_2 f_2 fp_2         2.4941429010972351E-021
 Sfp_3 f_2 fp_2         9.6495432979174739E-019
 Sfp_4 f_2 fp_2         1.8571143239927140E-011
 Sf_3 f_2 fp_2          1.4690364926156204E-017
 Sf_4 f_2 fp_2          1.8539375206610924E-011
 W S^-_1 f_2 fp_2      -3.4132711600025212E-007
 W S^-_2 f_2 fp_2       1.0265839403243384E-014
 W Sfp_3 f_2 fp_2       2.9950432799431258E-010
 W Sfp_4 f_2 fp_2      -2.5168784441198789E-002
 W Sf_3 f_2 fp_2       -7.6341073967234286E-009
 W Sf_4 f_2 fp_2       -3.0056131062779778E-002
 S^-_1 S^-_2 f_2 fp_2  -4.9005575455761745E-016
 S^-_1 Sfp_3 f_2 fp_2   8.6274187724492776E-014
 S^-_1 Sfp_4 f_2 fp_2  -2.9307404911637538E-011
 S^-_2 Sfp_3 f_2 fp_2  -5.1778975562371029E-021
 S^-_2 Sfp_4 f_2 fp_2   5.9333435181007401E-019
 S^-_1 Sf_3 f_2 fp_2    2.5413655009210851E-014
 S^-_1 Sf_4 f_2 fp_2    2.9021447517919523E-011
 S^-_2 Sf_3 f_2 fp_2    1.9144411215919495E-019
 S^-_2 Sf_4 f_2 fp_2   -1.3038792720956461E-018
 Sfp_3 Sfp_4 f_2 fp_2  -8.0888856818496603E-016
 Sfp_3 Sf_3 f_2 fp_2   -1.1411949553151233E-021
 Sfp_3 Sf_4 f_2 fp_2   -2.1419576666014072E-016
 Sfp_4 Sf_3 f_2 fp_2    6.6567653345852402E-017
 Sfp_4 Sf_4 f_2 fp_2    1.4852404848257957E-011
 Sf_3 Sf_4 f_2 fp_2     2.1812526114788770E-016
 Error in Subroutine Chi0ToChimffp                           
 Gamma(Chi_2 -> Chi^-_1) < 0 :           1           1   0.0000000000000000     
 The different contributions are :
 W f_1 fp_1             7.1955664616510915E-004
 S^-_1 f_1 fp_1         8.4593921580373535E-015
 S^-_2 f_1 fp_1         4.2895119038673763E-025
 Sfp_1 f_1 fp_1         1.7348816121697985E-010
 Sf_1 f_1 fp_1          2.8554871713240094E-019
 Sf_2 f_1 fp_1          1.7358419513888704E-010
 W Sfp_1 f_1 fp_1     -0.56158877720111222     
 W Sf_1 f_1 fp_1        1.8951774627734002E-010
 W Sf_2 f_1 fp_1      -0.15238006521225295     
 S^-_1 S^-_2 f_1 fp_1   1.1394576554751758E-019
 S^-_1 Sfp_1 f_1 fp_1  -2.8721429199024998E-020
 S^-_2 Sfp_1 f_1 fp_1  -2.1378727160782279E-025
 S^-_1 Sf_1 f_1 fp_1    4.6446053332224679E-017
 S^-_1 Sf_2 f_1 fp_1   -4.6287891013451534E-017
 S^-_2 Sf_1 f_1 fp_1    3.4856575686334576E-022
 S^-_2 Sf_2 f_1 fp_1   -3.4945792648255340E-022
 Sfp_1 Sf_1 f_1 fp_1    6.4277141563604215E-020
 Sfp_1 Sf_2 f_1 fp_1    1.5614103743884670E-010
 Sf_1 Sf_2 f_1 fp_1    -4.2701781401549399E-019
